0 info it worked if it ends with ok
1 verbose cli [
1 verbose cli   'C:\\Program Files\\nodejs\\node.exe',
1 verbose cli   'C:\\Program Files\\nodejs\\node_modules\\npm\\bin\\npm-cli.js',
1 verbose cli   'i',
1 verbose cli   'mongoose-auto-increment'
1 verbose cli ]
2 info using npm@6.14.12
3 info using node@v14.16.1
4 verbose npm-session 171e494be9cdf30c
5 silly install loadCurrentTree
6 silly install readLocalPackageData
7 silly fetchPackageMetaData error for mongoose-auto-increment@latest request to https://registry.npmjs.org/mongoose-auto-increment failed, reason: getaddrinfo ENOTFOUND registry.npmjs.org
8 timing stage:rollbackFailedOptional Completed in 3ms
9 timing stage:runTopLevelLifecycles Completed in 11794ms
10 verbose type system
11 verbose stack FetchError: request to https://registry.npmjs.org/mongoose-auto-increment failed, reason: getaddrinfo ENOTFOUND registry.npmjs.org
11 verbose stack     at ClientRequest.<anonymous> (C:\Program Files\nodejs\node_modules\npm\node_modules\node-fetch-npm\src\index.js:68:14)
11 verbose stack     at ClientRequest.emit (events.js:315:20)
11 verbose stack     at TLSSocket.socketErrorListener (_http_client.js:469:9)
11 verbose stack     at TLSSocket.emit (events.js:315:20)
11 verbose stack     at emitErrorNT (internal/streams/destroy.js:106:8)
11 verbose stack     at emitErrorCloseNT (internal/streams/destroy.js:74:3)
11 verbose stack     at processTicksAndRejections (internal/process/task_queues.js:80:21)
12 verbose cwd C:\Users\Gurpreet Kaur\Desktop\CRUD\crud-operations\backend
13 verbose Windows_NT 10.0.19042
14 verbose argv "C:\\Program Files\\nodejs\\node.exe" "C:\\Program Files\\nodejs\\node_modules\\npm\\bin\\npm-cli.js" "i" "mongoose-auto-increment"
15 verbose node v14.16.1
16 verbose npm  v6.14.12
17 error code ENOTFOUND
18 error errno ENOTFOUND
19 error network request to https://registry.npmjs.org/mongoose-auto-increment failed, reason: getaddrinfo ENOTFOUND registry.npmjs.org
20 error network This is a problem related to network connectivity.
20 error network In most cases you are behind a proxy or have bad network settings.
20 error network
20 error network If you are behind a proxy, please make sure that the
20 error network 'proxy' config is set properly.  See: 'npm help config'
21 verbose exit [ 1, true ]
